<?xml version="1.0" encoding="UTF-8"?>
<testng-results skipped="0" failed="0" ignored="0" total="1" passed="1">
  <reporter-output>
  </reporter-output>
  <suite name="Default suite" duration-ms="208497" started-at="2020-03-03T10:26:59 IST" finished-at="2020-03-03T10:30:28 IST">
    <groups>
    </groups>
    <test name="Default test" duration-ms="208497" started-at="2020-03-03T10:26:59 IST" finished-at="2020-03-03T10:30:28 IST">
      <class name="com.islandpacific.ipmsweb.test.purchaseordermanagement.PurchaseOrderChange">
        <test-method status="PASS" signature="setUp()[pri:0, instance:com.islandpacific.ipmsweb.test.purchaseordermanagement.PurchaseOrderChange@4d3167f4]" name="setUp" is-config="true" duration-ms="762" started-at="2020-03-03T10:26:59 IST" finished-at="2020-03-03T10:26:59 IST">
          <reporter-output>
          </reporter-output>
        </test-method> <!-- setUp -->
        <test-method status="PASS" signature="browserSetup()[pri:0, instance:com.islandpacific.ipmsweb.test.purchaseordermanagement.PurchaseOrderChange@4d3167f4]" name="browserSetup" is-config="true" duration-ms="158145" started-at="2020-03-03T10:26:59 IST" finished-at="2020-03-03T10:29:38 IST">
          <reporter-output>
          </reporter-output>
        </test-method> <!-- browserSetup -->
        <test-method status="PASS" signature="poChange()[pri:0, instance:com.islandpacific.ipmsweb.test.purchaseordermanagement.PurchaseOrderChange@4d3167f4]" name="poChange" duration-ms="48814" started-at="2020-03-03T10:29:38 IST" finished-at="2020-03-03T10:30:26 IST">
          <reporter-output>
          </reporter-output>
        </test-method> <!-- poChange -->
        <test-method status="PASS" signature="getResult(org.testng.ITestResult)[pri:0, instance:com.islandpacific.ipmsweb.test.purchaseordermanagement.PurchaseOrderChange@4d3167f4]" name="getResult" is-config="true" duration-ms="630" started-at="2020-03-03T10:30:26 IST" finished-at="2020-03-03T10:30:27 IST">
          <params>
            <param index="0">
              <value>
                <![CDATA[[TestResult name=poChange status=SUCCESS method=PurchaseOrderChange.poChange()[pri:0, instance:com.islandpacific.ipmsweb.test.purchaseordermanagement.PurchaseOrderChange@4d3167f4] output={null}]]]>
              </value>
            </param>
          </params>
          <reporter-output>
          </reporter-output>
        </test-method> <!-- getResult -->
        <test-method status="PASS" signature="quit()[pri:0, instance:com.islandpacific.ipmsweb.test.purchaseordermanagement.PurchaseOrderChange@4d3167f4]" name="quit" is-config="true" duration-ms="856" started-at="2020-03-03T10:30:27 IST" finished-at="2020-03-03T10:30:28 IST">
          <reporter-output>
          </reporter-output>
        </test-method> <!-- quit -->
        <test-method status="PASS" signature="tearDown()[pri:0, instance:com.islandpacific.ipmsweb.test.purchaseordermanagement.PurchaseOrderChange@4d3167f4]" name="tearDown" is-config="true" duration-ms="6644" started-at="2020-03-03T10:30:28 IST" finished-at="2020-03-03T10:30:35 IST">
          <reporter-output>
          </reporter-output>
        </test-method> <!-- tearDown -->
      </class> <!-- com.islandpacific.ipmsweb.test.purchaseordermanagement.PurchaseOrderChange -->
    </test> <!-- Default test -->
  </suite> <!-- Default suite -->
</testng-results>
