<?xml version="1.0" encoding="UTF-8"?>
<!-- Generated by org.testng.reporters.JUnitXMLReporter -->
<testsuite hostname="SS4-IN-PC" ignored="0" name="Purchase Order Entry" tests="1" failures="1" timestamp="2020-03-03T09:10:40 IST" time="144.171" errors="0">
  <testcase name="poEntry" time="105.376" classname="com.islandpacific.ipmsweb.test.purchaseordermanagement.PurchaseOrderEntry">
    <failure type="java.lang.NullPointerException">
      <![CDATA[java.lang.NullPointerException
at com.islandpacific.ipmsweb.test.purchaseordermanagement.PurchaseOrderEntry.poEntry(PurchaseOrderEntry.java:91)
at java.util.ArrayList.forEach(ArrayList.java:1257)
... Removed 27 stack frames]]>
    </failure>
  </testcase> <!-- poEntry -->
</testsuite> <!-- Purchase Order Entry -->
